Using pre-set license
Built from '2021.3/release' branch; Version is '2021.3.17f1 (3e8111cac19d) revision 4096273'; Using compiler version '192829333'; Build Type 'Release'
OS: 'Windows 11  (10.0.22621) 64bit CoreSingleLanguage' Language: 'ru' Physical Memory: 7514 MB
BatchMode: 1, IsHumanControllingUs: 0, StartBugReporterOnCrash: 0, Is64bit: 1, IsPro: 1

COMMAND LINE ARGUMENTS:
C:\Program Files\Unity\Hub\Editor\2021.3.17f1\Editor\Unity.exe
-adb2
-batchMode
-noUpm
-name
AssetImportWorker1
-projectPath
C:/CyberChaos
-logFile
Logs/AssetImportWorker1.log
-srvPort
52386
Successfully changed project path to: C:/CyberChaos
C:/CyberChaos
[UnityMemory] Configuration Parameters - Can be set up in boot.config
    "memorysetup-bucket-allocator-granularity=16"
    "memorysetup-bucket-allocator-bucket-count=8"
    "memorysetup-bucket-allocator-block-size=33554432"
    "memorysetup-bucket-allocator-block-count=8"
    "memorysetup-main-allocator-block-size=16777216"
    "memorysetup-thread-allocator-block-size=16777216"
    "memorysetup-gfx-main-allocator-block-size=16777216"
    "memorysetup-gfx-thread-allocator-block-size=16777216"
    "memorysetup-cache-allocator-block-size=4194304"
    "memorysetup-typetree-allocator-block-size=2097152"
    "memorysetup-profiler-bucket-allocator-granularity=16"
    "memorysetup-profiler-bucket-allocator-bucket-count=8"
    "memorysetup-profiler-bucket-allocator-block-size=33554432"
    "memorysetup-profiler-bucket-allocator-block-count=8"
    "memorysetup-profiler-allocator-block-size=16777216"
    "memorysetup-profiler-editor-allocator-block-size=1048576"
    "memorysetup-temp-allocator-size-main=16777216"
    "memorysetup-job-temp-allocator-block-size=2097152"
    "memorysetup-job-temp-allocator-block-size-background=1048576"
    "memorysetup-job-temp-allocator-reduction-small-platforms=262144"
    "memorysetup-temp-allocator-size-background-worker=32768"
    "memorysetup-temp-allocator-size-job-worker=262144"
    "memorysetup-temp-allocator-size-preload-manager=33554432"
    "memorysetup-temp-allocator-size-nav-mesh-worker=65536"
    "memorysetup-temp-allocator-size-audio-worker=65536"
    "memorysetup-temp-allocator-size-cloud-worker=32768"
    "memorysetup-temp-allocator-size-gi-baking-worker=262144"
    "memorysetup-temp-allocator-size-gfx=262144"
Player connection [10704] Host "[IP] 192.168.56.1 [Port] 0 [Flags] 2 [Guid] 1460859991 [EditorId] 1460859991 [Version] 1048832 [Id] WindowsEditor(7,adlan) [Debug] 1 [PackageName] WindowsEditor [ProjectName] Editor" joined multi-casting on [225.0.0.222:54997]...

Player connection [10704] Host "[IP] 192.168.56.1 [Port] 0 [Flags] 2 [Guid] 1460859991 [EditorId] 1460859991 [Version] 1048832 [Id] WindowsEditor(7,adlan) [Debug] 1 [PackageName] WindowsEditor [ProjectName] Editor" joined alternative multi-casting on [225.0.0.222:34997]...

Refreshing native plugins compatible for Editor in 112.48 ms, found 4 plugins.
Preloading 0 native plugins for Editor in 0.00 ms.
Initialize engine version: 2021.3.17f1 (3e8111cac19d)
[Subsystems] Discovering subsystems at path C:/Program Files/Unity/Hub/Editor/2021.3.17f1/Editor/Data/Resources/UnitySubsystems
[Subsystems] Discovering subsystems at path C:/CyberChaos/Assets
GfxDevice: creating device client; threaded=0; jobified=0
Direct3D:
    Version:  Direct3D 11.0 [level 11.1]
    Renderer: AMD Radeon(TM) Graphics (ID=0x164c)
    Vendor:   ATI
    VRAM:     3757 MB
    Driver:   27.20.14064.3
Initialize mono
Mono path[0] = 'C:/Program Files/Unity/Hub/Editor/2021.3.17f1/Editor/Data/Managed'
Mono path[1] = 'C:/Program Files/Unity/Hub/Editor/2021.3.17f1/Editor/Data/MonoBleedingEdge/lib/mono/unityjit-win32'
Mono config path = 'C:/Program Files/Unity/Hub/Editor/2021.3.17f1/Editor/Data/MonoBleedingEdge/etc'
Using monoOptions --debugger-agent=transport=dt_socket,embedding=1,server=y,suspend=n,address=127.0.0.1:56996
Begin MonoManager ReloadAssembly
Registering precompiled unity dll's ...
Register platform support module: C:/Program Files/Unity/Hub/Editor/2021.3.17f1/Editor/Data/PlaybackEngines/WebGLSupport/UnityEditor.WebGL.Extensions.dll
Register platform support module: C:/Program Files/Unity/Hub/Editor/2021.3.17f1/Editor/Data/PlaybackEngines/WindowsStandaloneSupport/UnityEditor.WindowsStandalone.Extensions.dll
Register platform support module: C:/Program Files/Unity/Hub/Editor/2021.3.17f1/Editor/Data/PlaybackEngines/MetroSupport/UnityEditor.UWP.Extensions.dll
Registered in 0.010790 seconds.
Native extension for UWP target not found
Native extension for WindowsStandalone target not found
Native extension for WebGL target not found
Refreshing native plugins compatible for Editor in 144.73 ms, found 4 plugins.
Preloading 0 native plugins for Editor in 0.00 ms.
Mono: successfully reloaded assembly
- Completed reload, in  0.939 seconds
Domain Reload Profiling:
	ReloadAssembly (939ms)
		BeginReloadAssembly (148ms)
			ExecutionOrderSort (0ms)
			DisableScriptedObjects (0ms)
			BackupInstance (0ms)
			ReleaseScriptingObjects (0ms)
			CreateAndSetChildDomain (1ms)
		EndReloadAssembly (671ms)
			LoadAssemblies (150ms)
			RebuildTransferFunctionScriptingTraits (0ms)
			SetupTypeCache (116ms)
			ReleaseScriptCaches (0ms)
			RebuildScriptCaches (43ms)
			SetupLoadedEditorAssemblies (435ms)
				LogAssemblyErrors (0ms)
				InitializePlatformSupportModulesInManaged (12ms)
				SetLoadedEditorAssemblies (0ms)
				RefreshPlugins (145ms)
				BeforeProcessingInitializeOnLoad (2ms)
				ProcessInitializeOnLoadAttributes (197ms)
				ProcessInitializeOnLoadMethodAttributes (79ms)
				AfterProcessingInitializeOnLoad (0ms)
				EditorAssembliesLoaded (0ms)
			ExecutionOrderSort2 (0ms)
			AwakeInstancesAfterBackupRestoration (0ms)
Platform modules already initialized, skipping
Registering precompiled user dll's ...
Registered in 0.006276 seconds.
Begin MonoManager ReloadAssembly
Symbol file LoadedFromMemory doesn't match image C:\CyberChaos\Library\PackageCache\com.unity.visualscripting@1.8.0\Editor\VisualScripting.Core\Dependencies\YamlDotNet\Unity.VisualScripting.YamlDotNet.dll
Symbol file LoadedFromMemory doesn't match image C:\CyberChaos\Library\PackageCache\com.unity.visualscripting@1.8.0\Editor\VisualScripting.Core\Dependencies\DotNetZip\Unity.VisualScripting.IonicZip.dll
Native extension for UWP target not found
Native extension for WindowsStandalone target not found
Native extension for WebGL target not found
Refreshing native plugins compatible for Editor in 128.48 ms, found 4 plugins.
Preloading 0 native plugins for Editor in 0.00 ms.
Mono: successfully reloaded assembly
- Completed reload, in  1.383 seconds
Domain Reload Profiling:
	ReloadAssembly (1384ms)
		BeginReloadAssembly (114ms)
			ExecutionOrderSort (0ms)
			DisableScriptedObjects (6ms)
			BackupInstance (0ms)
			ReleaseScriptingObjects (0ms)
			CreateAndSetChildDomain (21ms)
		EndReloadAssembly (1146ms)
			LoadAssemblies (148ms)
			RebuildTransferFunctionScriptingTraits (0ms)
			SetupTypeCache (307ms)
			ReleaseScriptCaches (1ms)
			RebuildScriptCaches (63ms)
			SetupLoadedEditorAssemblies (584ms)
				LogAssemblyErrors (0ms)
				InitializePlatformSupportModulesInManaged (7ms)
				SetLoadedEditorAssemblies (0ms)
				RefreshPlugins (129ms)
				BeforeProcessingInitializeOnLoad (137ms)
				ProcessInitializeOnLoadAttributes (257ms)
				ProcessInitializeOnLoadMethodAttributes (48ms)
				AfterProcessingInitializeOnLoad (6ms)
				EditorAssembliesLoaded (0ms)
			ExecutionOrderSort2 (0ms)
			AwakeInstancesAfterBackupRestoration (6ms)
Platform modules already initialized, skipping
========================================================================
Worker process is ready to serve import requests
Launched and connected shader compiler UnityShaderCompiler.exe after 0.07 seconds
Refreshing native plugins compatible for Editor in 0.85 ms, found 4 plugins.
Preloading 0 native plugins for Editor in 0.00 ms.
Unloading 4062 Unused Serialized files (Serialized files now loaded: 0)
Unloading 38 unused Assets / (56.1 KB). Loaded Objects now: 4518.
Memory consumption went from 150.7 MB to 150.7 MB.
Total: 4.489000 ms (FindLiveObjects: 0.502900 ms CreateObjectMapping: 0.140300 ms MarkObjects: 3.717400 ms  DeleteObjects: 0.126500 ms)

AssetImportParameters requested are different than current active one (requested -> active):
  custom:video-decoder-ogg-theora: a1e56fd34408186e4bbccfd4996cb3dc -> 
  custom:container-muxer-webm: aa71ff27fc2769a1b78a27578f13a17b -> 
  custom:container-demuxer-webm: 4f35f7cbe854078d1ac9338744f61a02 -> 
  custom:video-encoder-webm-vp8: eb34c28f22e8b96e1ab97ce403110664 -> 
  custom:video-codec-MediaFoundation-h265: 746d11721c4dcdbdad8f713fa42b33f4 -> 
  custom:audio-encoder-webm-vorbis: bf7c407c2cedff20999df2af8eb42d56 -> 
  custom:framework-win-MediaFoundation: 216162199b28c13a410421893ffa2e32 -> 
  custom:container-demuxer-ogg: 62fdf1f143b41e24485cea50d1cbac27 -> 
  custom:video-decoder-webm-vp8: 9c59270c3fd7afecdb556c50c9e8de78 -> 
  custom:audio-decoder-ogg-vorbis: bf7c407c2cedff20999df2af8eb42d56 -> 
========================================================================
Received Import Request.
  Time since last request: 106353.512136 seconds.
  path: Assets/Icons and background/backgr.png
  artifactKey: Guid(42a0e3cab295ef14da3b68ef0ebd5ec3) Importer(815301076,1909f56bfc062723c751e8b465ee728b)
Start importing Assets/Icons and background/backgr.png using Guid(42a0e3cab295ef14da3b68ef0ebd5ec3) Importer(815301076,1909f56bfc062723c751e8b465ee728b)  -> (artifact id: '9c98a5a014e1ecee60ea7f89070b750f') in 0.162561 seconds 
========================================================================
Received Import Request.
  Time since last request: 0.000079 seconds.
  path: Assets/Icons and background/backgrcolor.png
  artifactKey: Guid(1cb7b1b042c563a45a68ce9f967a663e) Importer(815301076,1909f56bfc062723c751e8b465ee728b)
Start importing Assets/Icons and background/backgrcolor.png using Guid(1cb7b1b042c563a45a68ce9f967a663e) Importer(815301076,1909f56bfc062723c751e8b465ee728b)  -> (artifact id: '7a402b4b097d814d62cfc2fd588d492e') in 0.025846 seconds 
========================================================================
Received Import Request.
  Time since last request: 34.521139 seconds.
  path: Assets/Icons and background/settings.png
  artifactKey: Guid(bdc68e54553fd7a43b55c89d46f1041e) Importer(815301076,1909f56bfc062723c751e8b465ee728b)
Start importing Assets/Icons and background/settings.png using Guid(bdc68e54553fd7a43b55c89d46f1041e) Importer(815301076,1909f56bfc062723c751e8b465ee728b)  -> (artifact id: '19ffea928e5505ab51610b49ca840508') in 0.019373 seconds 
========================================================================
Received Import Request.
  Time since last request: 220.640075 seconds.
  path: Assets/Icons and background/backgrcolor.png
  artifactKey: Guid(1cb7b1b042c563a45a68ce9f967a663e) Importer(2089858483,0ecaa5967403d082aa24f35e1b516d23)
Start importing Assets/Icons and background/backgrcolor.png using Guid(1cb7b1b042c563a45a68ce9f967a663e) Importer(2089858483,0ecaa5967403d082aa24f35e1b516d23) Generated GUIDs only implemented for interfaces!
 -> (artifact id: '996ea0c3d834146c85b4dbf646c464ae') in 0.155127 seconds 
========================================================================
Received Import Request.
  Time since last request: 0.000023 seconds.
  path: Assets/Icons and background/health3.png
  artifactKey: Guid(441f27db082a54e4696b345f59cb6c15) Importer(2089858483,0ecaa5967403d082aa24f35e1b516d23)
Start importing Assets/Icons and background/health3.png using Guid(441f27db082a54e4696b345f59cb6c15) Importer(2089858483,0ecaa5967403d082aa24f35e1b516d23) Generated GUIDs only implemented for interfaces!
 -> (artifact id: '2da7b266b393ec60ac03134672aec025') in 0.025279 seconds 
========================================================================
Received Import Request.
  Time since last request: 0.000043 seconds.
  path: Assets/Icons and background/health2.png
  artifactKey: Guid(b08f28ced3cf9174194423c490792058) Importer(2089858483,0ecaa5967403d082aa24f35e1b516d23)
Start importing Assets/Icons and background/health2.png using Guid(b08f28ced3cf9174194423c490792058) Importer(2089858483,0ecaa5967403d082aa24f35e1b516d23) Generated GUIDs only implemented for interfaces!
 -> (artifact id: 'c17b81140b4f824167f62856221d7b1b') in 0.025430 seconds 
========================================================================
Received Import Request.
  Time since last request: 0.000052 seconds.
  path: Assets/Icons and background/settings.png
  artifactKey: Guid(bdc68e54553fd7a43b55c89d46f1041e) Importer(2089858483,0ecaa5967403d082aa24f35e1b516d23)
Start importing Assets/Icons and background/settings.png using Guid(bdc68e54553fd7a43b55c89d46f1041e) Importer(2089858483,0ecaa5967403d082aa24f35e1b516d23) Generated GUIDs only implemented for interfaces!
 -> (artifact id: '01c1d618430596791775e7d7c34e348f') in 0.024008 seconds 
========================================================================
Received Import Request.
  Time since last request: 0.000028 seconds.
  path: Assets/Icons and background/health4.png
  artifactKey: Guid(e640134906d36064d9a38b39c0bbb26a) Importer(2089858483,0ecaa5967403d082aa24f35e1b516d23)
Start importing Assets/Icons and background/health4.png using Guid(e640134906d36064d9a38b39c0bbb26a) Importer(2089858483,0ecaa5967403d082aa24f35e1b516d23) Generated GUIDs only implemented for interfaces!
 -> (artifact id: '4721cfee00868e999b1bc6764949e96f') in 0.027181 seconds 
========================================================================
Received Import Request.
  Time since last request: 0.000024 seconds.
  path: Assets/Icons and background/shop.png
  artifactKey: Guid(edd657a71645e284b8f7bfc2458330f4) Importer(2089858483,0ecaa5967403d082aa24f35e1b516d23)
Start importing Assets/Icons and background/shop.png using Guid(edd657a71645e284b8f7bfc2458330f4) Importer(2089858483,0ecaa5967403d082aa24f35e1b516d23) Generated GUIDs only implemented for interfaces!
 -> (artifact id: 'fa7dec2fcae268928137857dea16f2cb') in 0.024025 seconds 
========================================================================
Received Prepare
Refreshing native plugins compatible for Editor in 14.88 ms, found 4 plugins.
Preloading 0 native plugins for Editor in 0.00 ms.
Unloading 25 Unused Serialized files (Serialized files now loaded: 0)
Unloading 25 unused Assets / (21.9 KB). Loaded Objects now: 4531.
Memory consumption went from 73.2 MB to 73.1 MB.
Total: 4.659600 ms (FindLiveObjects: 0.584700 ms CreateObjectMapping: 0.393400 ms MarkObjects: 3.643800 ms  DeleteObjects: 0.036200 ms)

AssetImportParameters requested are different than current active one (requested -> active):
  custom:video-decoder-ogg-theora: a1e56fd34408186e4bbccfd4996cb3dc -> 
  custom:container-muxer-webm: aa71ff27fc2769a1b78a27578f13a17b -> 
  custom:container-demuxer-webm: 4f35f7cbe854078d1ac9338744f61a02 -> 
  custom:video-encoder-webm-vp8: eb34c28f22e8b96e1ab97ce403110664 -> 
  custom:video-codec-MediaFoundation-h265: 746d11721c4dcdbdad8f713fa42b33f4 -> 
  custom:audio-encoder-webm-vorbis: bf7c407c2cedff20999df2af8eb42d56 -> 
  custom:framework-win-MediaFoundation: 216162199b28c13a410421893ffa2e32 -> 
  custom:SearchIndexIgnoredProperties: e643bd26f0fe6173181afceb89e7c659 -> 
  custom:container-demuxer-ogg: 62fdf1f143b41e24485cea50d1cbac27 -> 
  custom:video-decoder-webm-vp8: 9c59270c3fd7afecdb556c50c9e8de78 -> 
  custom:audio-decoder-ogg-vorbis: bf7c407c2cedff20999df2af8eb42d56 -> 
========================================================================
Received Import Request.
  Time since last request: 49.455549 seconds.
  path: Assets/Cyberpunk street/Scenes
  artifactKey: Guid(72912c2a3a7ff6048bf707889e2f8e11) Importer(2089858483,0ecaa5967403d082aa24f35e1b516d23)
Start importing Assets/Cyberpunk street/Scenes using Guid(72912c2a3a7ff6048bf707889e2f8e11) Importer(2089858483,0ecaa5967403d082aa24f35e1b516d23) Generated GUIDs only implemented for interfaces!
 -> (artifact id: 'a1f03eafaefefdc370b01292d2a03fcd') in 0.013520 seconds 
========================================================================
Received Import Request.
  Time since last request: 0.000089 seconds.
  path: Assets/Cyberpunk street/Version 2/middle.png
  artifactKey: Guid(a21c1bf17fea427489a05d0988c50574) Importer(2089858483,0ecaa5967403d082aa24f35e1b516d23)
Start importing Assets/Cyberpunk street/Version 2/middle.png using Guid(a21c1bf17fea427489a05d0988c50574) Importer(2089858483,0ecaa5967403d082aa24f35e1b516d23) Generated GUIDs only implemented for interfaces!
 -> (artifact id: '3bf6ecfd14a9352186d18e982275fee6') in 0.027519 seconds 
========================================================================
Received Import Request.
  Time since last request: 0.000055 seconds.
  path: Assets/Cyberpunk street/Version 2/foreground-empty.png
  artifactKey: Guid(43288ba6125fa6f43ba5b2dbe767a523) Importer(2089858483,0ecaa5967403d082aa24f35e1b516d23)
Start importing Assets/Cyberpunk street/Version 2/foreground-empty.png using Guid(43288ba6125fa6f43ba5b2dbe767a523) Importer(2089858483,0ecaa5967403d082aa24f35e1b516d23) Generated GUIDs only implemented for interfaces!
 -> (artifact id: '11ff357d31b92673ce7be9896cea8a68') in 0.028863 seconds 
========================================================================
Received Import Request.
  Time since last request: 0.000036 seconds.
  path: Assets/Cyberpunk street/Music
  artifactKey: Guid(f3c495c7b2767c540912bdc1d3c943da) Importer(2089858483,0ecaa5967403d082aa24f35e1b516d23)
Start importing Assets/Cyberpunk street/Music using Guid(f3c495c7b2767c540912bdc1d3c943da) Importer(2089858483,0ecaa5967403d082aa24f35e1b516d23) Generated GUIDs only implemented for interfaces!
 -> (artifact id: 'b1b3d1533971700ffdc73066a399f0c0') in 0.012228 seconds 
========================================================================
Received Import Request.
  Time since last request: 0.000038 seconds.
  path: Assets/Cyberpunk street/Version 1
  artifactKey: Guid(a749d9dbb7b4a904095b93cee63dc4f0) Importer(2089858483,0ecaa5967403d082aa24f35e1b516d23)
Start importing Assets/Cyberpunk street/Version 1 using Guid(a749d9dbb7b4a904095b93cee63dc4f0) Importer(2089858483,0ecaa5967403d082aa24f35e1b516d23) Generated GUIDs only implemented for interfaces!
 -> (artifact id: '70e50821fed9be9649f3c9db2078d93b') in 0.011348 seconds 
========================================================================
Received Import Request.
  Time since last request: 0.000036 seconds.
  path: Assets/Cyberpunk street
  artifactKey: Guid(3b624978ebe493e408a99af6c67e7a0e) Importer(2089858483,0ecaa5967403d082aa24f35e1b516d23)
Start importing Assets/Cyberpunk street using Guid(3b624978ebe493e408a99af6c67e7a0e) Importer(2089858483,0ecaa5967403d082aa24f35e1b516d23) Generated GUIDs only implemented for interfaces!
 -> (artifact id: 'b12ad35d79a4c7a64633413f72105348') in 0.012166 seconds 
========================================================================
Received Import Request.
  Time since last request: 0.000123 seconds.
  path: Assets/Cyberpunk street/Version 2/foreground.png
  artifactKey: Guid(2d2f724935279c9488a27e5eebe23055) Importer(2089858483,0ecaa5967403d082aa24f35e1b516d23)
Start importing Assets/Cyberpunk street/Version 2/foreground.png using Guid(2d2f724935279c9488a27e5eebe23055) Importer(2089858483,0ecaa5967403d082aa24f35e1b516d23) Generated GUIDs only implemented for interfaces!
 -> (artifact id: 'ac27c8839d31d079bf6e554c0cf73aa2') in 0.025437 seconds 
========================================================================
Received Import Request.
  Time since last request: 0.000061 seconds.
  path: Assets/Cyberpunk street/Scenes/Demo.unity
  artifactKey: Guid(1da9f5f461603b6458893ba2794f47f6) Importer(2089858483,0ecaa5967403d082aa24f35e1b516d23)
Start importing Assets/Cyberpunk street/Scenes/Demo.unity using Guid(1da9f5f461603b6458893ba2794f47f6) Importer(2089858483,0ecaa5967403d082aa24f35e1b516d23) Generated GUIDs only implemented for interfaces!
 -> (artifact id: '7d0513d708104fd9264778ce5c42a7d4') in 0.012884 seconds 
========================================================================
Received Import Request.
  Time since last request: 0.000036 seconds.
  path: Assets/Cyberpunk street/Version 2/back.png
  artifactKey: Guid(f28555c6681a94142a2cd921d9436a27) Importer(2089858483,0ecaa5967403d082aa24f35e1b516d23)
Start importing Assets/Cyberpunk street/Version 2/back.png using Guid(f28555c6681a94142a2cd921d9436a27) Importer(2089858483,0ecaa5967403d082aa24f35e1b516d23) Generated GUIDs only implemented for interfaces!
 -> (artifact id: 'be938d3f31f9839fde128bd551b9aca4') in 0.024796 seconds 
========================================================================
Received Import Request.
  Time since last request: 24.455462 seconds.
  path: Assets/Cyberpunk street/Version 1/far-buildings.png
  artifactKey: Guid(3a4013952bf5d2f4cbcad86a187878e3) Importer(815301076,1909f56bfc062723c751e8b465ee728b)
Start importing Assets/Cyberpunk street/Version 1/far-buildings.png using Guid(3a4013952bf5d2f4cbcad86a187878e3) Importer(815301076,1909f56bfc062723c751e8b465ee728b)  -> (artifact id: '5356bbd9a63d85bb420cdf058cb22d32') in 0.022192 seconds 
========================================================================
Received Import Request.
  Time since last request: 0.000038 seconds.
  path: Assets/Cyberpunk street/Version 1/foreground.png
  artifactKey: Guid(2a15ceb6a3790aa468863d5c65d91485) Importer(815301076,1909f56bfc062723c751e8b465ee728b)
Start importing Assets/Cyberpunk street/Version 1/foreground.png using Guid(2a15ceb6a3790aa468863d5c65d91485) Importer(815301076,1909f56bfc062723c751e8b465ee728b)  -> (artifact id: 'b7410e36794054dd29546e6e57de668e') in 0.021748 seconds 
